54.0 APEX_CODE,FINEST;APEX_PROFILING,INFO;CALLOUT,INFO;DB,INFO;NBA,INFO;SYSTEM,DEBUG;VALIDATION,INFO;VISUALFORCE,FINER;WAVE,INFO;WORKFLOW,INFO
22:32:37.6 (6147257)|USER_INFO|[EXTERNAL]|0055j000000dDfW|vy91616@accenture.com|(GMT+05:30) India Standard Time (Asia/Kolkata)|GMT+05:30
22:32:37.6 (6231026)|EXECUTION_STARTED
22:32:37.6 (6246463)|CODE_UNIT_STARTED|[EXTERNAL]|01p5j00000KLotF|TestVerifyDate.testCheckDates()
22:32:37.6 (6590856)|HEAP_ALLOCATE|[79]|Bytes:3
22:32:37.6 (6671779)|HEAP_ALLOCATE|[84]|Bytes:152
22:32:37.6 (6688006)|HEAP_ALLOCATE|[399]|Bytes:408
22:32:37.6 (6704792)|HEAP_ALLOCATE|[412]|Bytes:408
22:32:37.6 (6719206)|HEAP_ALLOCATE|[520]|Bytes:48
22:32:37.6 (6758343)|HEAP_ALLOCATE|[139]|Bytes:6
22:32:37.6 (6771231)|HEAP_ALLOCATE|[EXTERNAL]|Bytes:23
22:32:37.6 (6839864)|METHOD_ENTRY|[2]|01p5j00000KLotF|TestVerifyDate.TestVerifyDate()
22:32:37.6 (6853071)|STATEMENT_EXECUTE|[2]
22:32:37.6 (6863910)|STATEMENT_EXECUTE|[2]
22:32:37.6 (6880073)|METHOD_EXIT|[2]|TestVerifyDate
22:32:37.6 (6920296)|HEAP_ALLOCATE|[52]|Bytes:5
22:32:37.6 (6972743)|HEAP_ALLOCATE|[58]|Bytes:5
22:32:37.6 (6981046)|HEAP_ALLOCATE|[66]|Bytes:7
22:32:37.6 (7037436)|STATEMENT_EXECUTE|[4]
22:32:37.6 (7040491)|STATEMENT_EXECUTE|[5]
22:32:37.6 (7147770)|HEAP_ALLOCATE|[5]|Bytes:4
22:32:37.6 (7172587)|VARIABLE_SCOPE_BEGIN|[5]|D1|Date|false|false
22:32:37.6 (7257479)|VARIABLE_ASSIGNMENT|[5]|D1|"2022-04-03T00:00:00.000Z"
22:32:37.6 (7264238)|STATEMENT_EXECUTE|[6]
22:32:37.6 (7282886)|HEAP_ALLOCATE|[6]|Bytes:4
22:32:37.6 (7313488)|HEAP_ALLOCATE|[6]|Bytes:4
22:32:37.6 (7324894)|VARIABLE_SCOPE_BEGIN|[6]|D2|Date|false|false
22:32:37.6 (7339641)|VARIABLE_ASSIGNMENT|[6]|D2|"2022-04-23T00:00:00.000Z"
22:32:37.6 (7343961)|STATEMENT_EXECUTE|[7]
22:32:37.6 (8219864)|HEAP_ALLOCATE|[7]|Bytes:7
22:32:37.6 (8260563)|METHOD_ENTRY|[1]|01p5j00000KLYej|VerifyDate.VerifyDate()
22:32:37.6 (8267946)|STATEMENT_EXECUTE|[1]
22:32:37.6 (8271880)|STATEMENT_EXECUTE|[1]
22:32:37.6 (8278699)|METHOD_EXIT|[1]|VerifyDate
22:32:37.6 (8319391)|METHOD_ENTRY|[7]|01p5j00000KLYej|VerifyDate.CheckDates(Date, Date)
22:32:37.6 (8367513)|VARIABLE_SCOPE_BEGIN|[4]|date1|Date|false|false
22:32:37.6 (8388252)|VARIABLE_ASSIGNMENT|[4]|date1|"2022-04-03T00:00:00.000Z"
22:32:37.6 (8395916)|VARIABLE_SCOPE_BEGIN|[4]|date2|Date|false|false
22:32:37.6 (8406909)|VARIABLE_ASSIGNMENT|[4]|date2|"2022-04-23T00:00:00.000Z"
22:32:37.6 (8420642)|STATEMENT_EXECUTE|[4]
22:32:37.6 (8437814)|METHOD_ENTRY|[6]|01p5j00000KLYej|VerifyDate.DateWithin30Days(Date, Date)
22:32:37.6 (8469672)|VARIABLE_SCOPE_BEGIN|[14]|date1|Date|false|false
22:32:37.6 (8481115)|VARIABLE_ASSIGNMENT|[14]|date1|"2022-04-03T00:00:00.000Z"
22:32:37.6 (8487363)|VARIABLE_SCOPE_BEGIN|[14]|date2|Date|false|false
22:32:37.6 (8496807)|VARIABLE_ASSIGNMENT|[14]|date2|"2022-04-23T00:00:00.000Z"
22:32:37.6 (8504677)|STATEMENT_EXECUTE|[14]
22:32:37.6 (8566874)|STATEMENT_EXECUTE|[16]
22:32:37.6 (8569706)|STATEMENT_EXECUTE|[19]
22:32:37.6 (8599451)|HEAP_ALLOCATE|[19]|Bytes:4
22:32:37.6 (8612562)|VARIABLE_SCOPE_BEGIN|[19]|date30Days|Date|false|false
22:32:37.6 (8629197)|VARIABLE_ASSIGNMENT|[19]|date30Days|"2022-05-03T00:00:00.000Z"
22:32:37.6 (8652888)|STATEMENT_EXECUTE|[21]
22:32:37.6 (8654771)|STATEMENT_EXECUTE|[21]
22:32:37.6 (8662197)|METHOD_EXIT|[6]|01p5j00000KLYej|VerifyDate.DateWithin30Days(Date, Date)
22:32:37.6 (8670491)|STATEMENT_EXECUTE|[6]
22:32:37.6 (8672232)|STATEMENT_EXECUTE|[7]
22:32:37.6 (8676072)|METHOD_EXIT|[7]|01p5j00000KLYej|VerifyDate.CheckDates(Date, Date)
22:32:37.6 (8683852)|VARIABLE_SCOPE_BEGIN|[7]|D|Date|false|false
22:32:37.6 (8700736)|VARIABLE_ASSIGNMENT|[7]|D|"2022-04-23T00:00:00.000Z"
22:32:37.8 (8746807)|CUMULATIVE_LIMIT_USAGE
22:32:37.8 (8746807)|LIMIT_USAGE_FOR_NS|(default)|
  Number of SOQL queries: 0 out of 100
  Number of query rows: 0 out of 50000
  Number of SOSL queries: 0 out of 20
  Number of DML statements: 0 out of 150
  Number of Publish Immediate DML: 0 out of 150
  Number of DML rows: 0 out of 10000
  Maximum CPU time: 0 out of 10000
  Maximum heap size: 0 out of 6000000
  Number of callouts: 0 out of 100
  Number of Email Invocations: 0 out of 10
  Number of future calls: 0 out of 50
  Number of queueable jobs added to the queue: 0 out of 50
  Number of Mobile Apex push calls: 0 out of 10

22:32:37.8 (8746807)|CUMULATIVE_LIMIT_USAGE_END

22:32:37.6 (8845162)|CODE_UNIT_FINISHED|TestVerifyDate.testCheckDates()
22:32:37.6 (8852824)|EXECUTION_FINISHED
22:32:37.66 (66156445)|USER_INFO|[EXTERNAL]|0055j000000dDfW|vy91616@accenture.com|(GMT+05:30) India Standard Time (Asia/Kolkata)|GMT+05:30
22:32:37.66 (66181256)|EXECUTION_STARTED
22:32:37.66 (66192355)|CODE_UNIT_STARTED|[EXTERNAL]|01p5j00000KLotF|TestVerifyDate.testCheckDates1()
22:32:37.66 (66370305)|HEAP_ALLOCATE|[79]|Bytes:3
22:32:37.66 (66415213)|HEAP_ALLOCATE|[84]|Bytes:152
22:32:37.66 (66431883)|HEAP_ALLOCATE|[399]|Bytes:408
22:32:37.66 (66450384)|HEAP_ALLOCATE|[412]|Bytes:408
22:32:37.66 (66466297)|HEAP_ALLOCATE|[520]|Bytes:48
22:32:37.66 (66492171)|HEAP_ALLOCATE|[139]|Bytes:6
22:32:37.66 (66506906)|HEAP_ALLOCATE|[EXTERNAL]|Bytes:23
22:32:37.66 (66527012)|METHOD_ENTRY|[2]|01p5j00000KLotF|TestVerifyDate.TestVerifyDate()
22:32:37.66 (66535234)|STATEMENT_EXECUTE|[2]
22:32:37.66 (66541247)|STATEMENT_EXECUTE|[2]
22:32:37.66 (66548150)|METHOD_EXIT|[2]|TestVerifyDate
22:32:37.66 (66579426)|HEAP_ALLOCATE|[52]|Bytes:5
22:32:37.66 (66606605)|HEAP_ALLOCATE|[58]|Bytes:5
22:32:37.66 (66615419)|HEAP_ALLOCATE|[66]|Bytes:7
22:32:37.66 (67957186)|STATEMENT_EXECUTE|[11]
22:32:37.66 (67962506)|STATEMENT_EXECUTE|[12]
22:32:37.66 (68030033)|HEAP_ALLOCATE|[12]|Bytes:4
22:32:37.66 (68055352)|VARIABLE_SCOPE_BEGIN|[12]|D1|Date|false|false
22:32:37.66 (68119143)|VARIABLE_ASSIGNMENT|[12]|D1|"2022-04-03T00:00:00.000Z"
22:32:37.66 (68125663)|STATEMENT_EXECUTE|[13]
22:32:37.66 (68147494)|HEAP_ALLOCATE|[13]|Bytes:4
22:32:37.66 (68192320)|HEAP_ALLOCATE|[13]|Bytes:4
22:32:37.66 (68204199)|VARIABLE_SCOPE_BEGIN|[13]|D2|Date|false|false
22:32:37.66 (68220710)|VARIABLE_ASSIGNMENT|[13]|D2|"2022-03-14T00:00:00.000Z"
22:32:37.66 (68225976)|STATEMENT_EXECUTE|[14]
22:32:37.66 (68240011)|HEAP_ALLOCATE|[14]|Bytes:7
22:32:37.66 (68262099)|METHOD_ENTRY|[1]|01p5j00000KLYej|VerifyDate.VerifyDate()
22:32:37.66 (68269283)|STATEMENT_EXECUTE|[1]
22:32:37.66 (68272361)|STATEMENT_EXECUTE|[1]
22:32:37.66 (68280600)|METHOD_EXIT|[1]|VerifyDate
22:32:37.66 (68292282)|METHOD_ENTRY|[14]|01p5j00000KLYej|VerifyDate.CheckDates(Date, Date)
22:32:37.66 (68309240)|VARIABLE_SCOPE_BEGIN|[4]|date1|Date|false|false
22:32:37.66 (68324753)|VARIABLE_ASSIGNMENT|[4]|date1|"2022-04-03T00:00:00.000Z"
22:32:37.66 (68337458)|VARIABLE_SCOPE_BEGIN|[4]|date2|Date|false|false
22:32:37.66 (68348460)|VARIABLE_ASSIGNMENT|[4]|date2|"2022-03-14T00:00:00.000Z"
22:32:37.66 (68360743)|STATEMENT_EXECUTE|[4]
22:32:37.66 (68369758)|METHOD_ENTRY|[6]|01p5j00000KLYej|VerifyDate.DateWithin30Days(Date, Date)
22:32:37.66 (68376836)|VARIABLE_SCOPE_BEGIN|[14]|date1|Date|false|false
22:32:37.66 (68387270)|VARIABLE_ASSIGNMENT|[14]|date1|"2022-04-03T00:00:00.000Z"
22:32:37.66 (68392530)|VARIABLE_SCOPE_BEGIN|[14]|date2|Date|false|false
22:32:37.66 (68402684)|VARIABLE_ASSIGNMENT|[14]|date2|"2022-03-14T00:00:00.000Z"
22:32:37.66 (68409779)|STATEMENT_EXECUTE|[14]
22:32:37.66 (68428994)|STATEMENT_EXECUTE|[16]
22:32:37.66 (68431100)|STATEMENT_EXECUTE|[16]
22:32:37.66 (68436801)|METHOD_EXIT|[6]|01p5j00000KLYej|VerifyDate.DateWithin30Days(Date, Date)
22:32:37.66 (68443760)|STATEMENT_EXECUTE|[8]
22:32:37.66 (68445612)|STATEMENT_EXECUTE|[9]
22:32:37.66 (68461223)|METHOD_ENTRY|[9]|01p5j00000KLYej|VerifyDate.SetEndOfMonthDate(Date)
22:32:37.66 (68482817)|VARIABLE_SCOPE_BEGIN|[25]|date1|Date|false|false
22:32:37.66 (68494757)|VARIABLE_ASSIGNMENT|[25]|date1|"2022-04-03T00:00:00.000Z"
22:32:37.66 (68502074)|STATEMENT_EXECUTE|[25]
22:32:37.66 (68503913)|STATEMENT_EXECUTE|[26]
22:32:37.66 (68623030)|VARIABLE_SCOPE_BEGIN|[26]|totalDays|Integer|false|false
22:32:37.66 (68632461)|HEAP_ALLOCATE|[26]|Bytes:4
22:32:37.66 (68641874)|VARIABLE_ASSIGNMENT|[26]|totalDays|30
22:32:37.66 (68647561)|STATEMENT_EXECUTE|[27]
22:32:37.66 (68686834)|HEAP_ALLOCATE|[27]|Bytes:4
22:32:37.66 (68698217)|VARIABLE_SCOPE_BEGIN|[27]|lastDay|Date|false|false
22:32:37.66 (68714950)|VARIABLE_ASSIGNMENT|[27]|lastDay|"2022-04-30T00:00:00.000Z"
22:32:37.66 (68720226)|STATEMENT_EXECUTE|[28]
22:32:37.66 (68733100)|METHOD_EXIT|[9]|01p5j00000KLYej|VerifyDate.SetEndOfMonthDate(Date)
22:32:37.66 (68741839)|METHOD_EXIT|[14]|01p5j00000KLYej|VerifyDate.CheckDates(Date, Date)
22:32:37.66 (68750029)|VARIABLE_SCOPE_BEGIN|[14]|D|Date|false|false
22:32:37.66 (68763121)|VARIABLE_ASSIGNMENT|[14]|D|"2022-04-30T00:00:00.000Z"
22:32:37.68 (68778899)|CUMULATIVE_LIMIT_USAGE
22:32:37.68 (68778899)|LIMIT_USAGE_FOR_NS|(default)|
  Number of SOQL queries: 0 out of 100
  Number of query rows: 0 out of 50000
  Number of SOSL queries: 0 out of 20
  Number of DML statements: 0 out of 150
  Number of Publish Immediate DML: 0 out of 150
  Number of DML rows: 0 out of 10000
  Maximum CPU time: 0 out of 10000
  Maximum heap size: 0 out of 6000000
  Number of callouts: 0 out of 100
  Number of Email Invocations: 0 out of 10
  Number of future calls: 0 out of 50
  Number of queueable jobs added to the queue: 0 out of 50
  Number of Mobile Apex push calls: 0 out of 10

22:32:37.68 (68778899)|CUMULATIVE_LIMIT_USAGE_END

22:32:37.66 (68833559)|CODE_UNIT_FINISHED|TestVerifyDate.testCheckDates1()
22:32:37.66 (68841618)|EXECUTION_FINISHED
22:32:37.89 (89303357)|USER_INFO|[EXTERNAL]|0055j000000dDfW|vy91616@accenture.com|(GMT+05:30) India Standard Time (Asia/Kolkata)|GMT+05:30
22:32:37.89 (89328289)|EXECUTION_STARTED
22:32:37.89 (89338577)|CODE_UNIT_STARTED|[EXTERNAL]|01p5j00000KLotF|TestVerifyDate.testCheckDates2()
22:32:37.89 (89504234)|HEAP_ALLOCATE|[79]|Bytes:3
22:32:37.89 (89546585)|HEAP_ALLOCATE|[84]|Bytes:152
22:32:37.89 (89570499)|HEAP_ALLOCATE|[399]|Bytes:408
22:32:37.89 (89588626)|HEAP_ALLOCATE|[412]|Bytes:408
22:32:37.89 (89604305)|HEAP_ALLOCATE|[520]|Bytes:48
22:32:37.89 (89630489)|HEAP_ALLOCATE|[139]|Bytes:6
22:32:37.89 (89644730)|HEAP_ALLOCATE|[EXTERNAL]|Bytes:23
22:32:37.89 (89663700)|METHOD_ENTRY|[2]|01p5j00000KLotF|TestVerifyDate.TestVerifyDate()
22:32:37.89 (89671287)|STATEMENT_EXECUTE|[2]
22:32:37.89 (89676998)|STATEMENT_EXECUTE|[2]
22:32:37.89 (89683868)|METHOD_EXIT|[2]|TestVerifyDate
22:32:37.89 (89707575)|HEAP_ALLOCATE|[52]|Bytes:5
22:32:37.89 (89733318)|HEAP_ALLOCATE|[58]|Bytes:5
22:32:37.89 (89742343)|HEAP_ALLOCATE|[66]|Bytes:7
22:32:37.89 (89898219)|STATEMENT_EXECUTE|[18]
22:32:37.89 (89900751)|STATEMENT_EXECUTE|[19]
22:32:37.89 (89953251)|HEAP_ALLOCATE|[19]|Bytes:4
22:32:37.89 (89975671)|VARIABLE_SCOPE_BEGIN|[19]|D1|Date|false|false
22:32:37.89 (90030087)|VARIABLE_ASSIGNMENT|[19]|D1|"2022-04-03T00:00:00.000Z"
22:32:37.89 (90036537)|STATEMENT_EXECUTE|[20]
22:32:37.89 (90055869)|HEAP_ALLOCATE|[20]|Bytes:4
22:32:37.89 (90090076)|HEAP_ALLOCATE|[20]|Bytes:4
22:32:37.89 (90101453)|VARIABLE_SCOPE_BEGIN|[20]|D2|Date|false|false
22:32:37.89 (90117550)|VARIABLE_ASSIGNMENT|[20]|D2|"2022-06-02T00:00:00.000Z"
22:32:37.89 (90122586)|STATEMENT_EXECUTE|[21]
22:32:37.89 (90133426)|HEAP_ALLOCATE|[21]|Bytes:7
22:32:37.89 (90150071)|METHOD_ENTRY|[1]|01p5j00000KLYej|VerifyDate.VerifyDate()
22:32:37.89 (90156223)|STATEMENT_EXECUTE|[1]
22:32:37.89 (90159216)|STATEMENT_EXECUTE|[1]
22:32:37.89 (90166747)|METHOD_EXIT|[1]|VerifyDate
22:32:37.89 (90177889)|METHOD_ENTRY|[21]|01p5j00000KLYej|VerifyDate.CheckDates(Date, Date)
22:32:37.89 (90193552)|VARIABLE_SCOPE_BEGIN|[4]|date1|Date|false|false
22:32:37.89 (90206585)|VARIABLE_ASSIGNMENT|[4]|date1|"2022-04-03T00:00:00.000Z"
22:32:37.89 (90211713)|VARIABLE_SCOPE_BEGIN|[4]|date2|Date|false|false
22:32:37.89 (90222048)|VARIABLE_ASSIGNMENT|[4]|date2|"2022-06-02T00:00:00.000Z"
22:32:37.89 (90233362)|STATEMENT_EXECUTE|[4]
22:32:37.89 (90241448)|METHOD_ENTRY|[6]|01p5j00000KLYej|VerifyDate.DateWithin30Days(Date, Date)
22:32:37.89 (90248882)|VARIABLE_SCOPE_BEGIN|[14]|date1|Date|false|false
22:32:37.89 (90259759)|VARIABLE_ASSIGNMENT|[14]|date1|"2022-04-03T00:00:00.000Z"
22:32:37.89 (90265135)|VARIABLE_SCOPE_BEGIN|[14]|date2|Date|false|false
22:32:37.89 (90275606)|VARIABLE_ASSIGNMENT|[14]|date2|"2022-06-02T00:00:00.000Z"
22:32:37.89 (90282528)|STATEMENT_EXECUTE|[14]
22:32:37.89 (90301693)|STATEMENT_EXECUTE|[16]
22:32:37.89 (90304064)|STATEMENT_EXECUTE|[19]
22:32:37.89 (90316233)|HEAP_ALLOCATE|[19]|Bytes:4
22:32:37.89 (90328680)|VARIABLE_SCOPE_BEGIN|[19]|date30Days|Date|false|false
22:32:37.89 (90342858)|VARIABLE_ASSIGNMENT|[19]|date30Days|"2022-05-03T00:00:00.000Z"
22:32:37.89 (90362294)|STATEMENT_EXECUTE|[20]
22:32:37.89 (90364141)|STATEMENT_EXECUTE|[20]
22:32:37.89 (90369871)|METHOD_EXIT|[6]|01p5j00000KLYej|VerifyDate.DateWithin30Days(Date, Date)
22:32:37.89 (90376740)|STATEMENT_EXECUTE|[8]
22:32:37.89 (90378687)|STATEMENT_EXECUTE|[9]
22:32:37.89 (90385483)|METHOD_ENTRY|[9]|01p5j00000KLYej|VerifyDate.SetEndOfMonthDate(Date)
22:32:37.89 (90392060)|VARIABLE_SCOPE_BEGIN|[25]|date1|Date|false|false
22:32:37.89 (90402317)|VARIABLE_ASSIGNMENT|[25]|date1|"2022-04-03T00:00:00.000Z"
22:32:37.89 (90409535)|STATEMENT_EXECUTE|[25]
22:32:37.89 (90411193)|STATEMENT_EXECUTE|[26]
22:32:37.89 (90464441)|VARIABLE_SCOPE_BEGIN|[26]|totalDays|Integer|false|false
22:32:37.89 (90472393)|HEAP_ALLOCATE|[26]|Bytes:4
22:32:37.89 (90480303)|VARIABLE_ASSIGNMENT|[26]|totalDays|30
22:32:37.89 (90484779)|STATEMENT_EXECUTE|[27]
22:32:37.89 (90511456)|HEAP_ALLOCATE|[27]|Bytes:4
22:32:37.89 (90521574)|VARIABLE_SCOPE_BEGIN|[27]|lastDay|Date|false|false
22:32:37.89 (90536284)|VARIABLE_ASSIGNMENT|[27]|lastDay|"2022-04-30T00:00:00.000Z"
22:32:37.89 (90540957)|STATEMENT_EXECUTE|[28]
22:32:37.89 (90545378)|METHOD_EXIT|[9]|01p5j00000KLYej|VerifyDate.SetEndOfMonthDate(Date)
22:32:37.89 (90555168)|METHOD_EXIT|[21]|01p5j00000KLYej|VerifyDate.CheckDates(Date, Date)
22:32:37.89 (90571468)|VARIABLE_SCOPE_BEGIN|[21]|D|Date|false|false
22:32:37.89 (90586334)|VARIABLE_ASSIGNMENT|[21]|D|"2022-04-30T00:00:00.000Z"
22:32:37.90 (90605896)|CUMULATIVE_LIMIT_USAGE
22:32:37.90 (90605896)|LIMIT_USAGE_FOR_NS|(default)|
  Number of SOQL queries: 0 out of 100
  Number of query rows: 0 out of 50000
  Number of SOSL queries: 0 out of 20
  Number of DML statements: 0 out of 150
  Number of Publish Immediate DML: 0 out of 150
  Number of DML rows: 0 out of 10000
  Maximum CPU time: 0 out of 10000
  Maximum heap size: 0 out of 6000000
  Number of callouts: 0 out of 100
  Number of Email Invocations: 0 out of 10
  Number of future calls: 0 out of 50
  Number of queueable jobs added to the queue: 0 out of 50
  Number of Mobile Apex push calls: 0 out of 10

22:32:37.90 (90605896)|CUMULATIVE_LIMIT_USAGE_END

22:32:37.89 (90660630)|CODE_UNIT_FINISHED|TestVerifyDate.testCheckDates2()
22:32:37.89 (90668930)|EXECUTION_FINISHED
