54.0 APEX_CODE,FINEST;APEX_PROFILING,INFO;CALLOUT,INFO;DB,INFO;NBA,INFO;SYSTEM,DEBUG;VALIDATION,INFO;VISUALFORCE,FINER;WAVE,INFO;WORKFLOW,INFO
00:16:51.17 (17458858)|USER_INFO|[EXTERNAL]|0055j000000dDfW|vy91616@accenture.com|(GMT+05:30) India Standard Time (Asia/Kolkata)|GMT+05:30
00:16:51.17 (17515943)|EXECUTION_STARTED
00:16:51.17 (17559364)|CODE_UNIT_STARTED|[EXTERNAL]|01p5j00000KLYeF|TemperatureConverterTest.testBoilingPoint()
00:16:51.17 (22827487)|HEAP_ALLOCATE|[79]|Bytes:3
00:16:51.17 (22978158)|HEAP_ALLOCATE|[84]|Bytes:152
00:16:51.17 (23003639)|HEAP_ALLOCATE|[399]|Bytes:408
00:16:51.17 (23030608)|HEAP_ALLOCATE|[412]|Bytes:408
00:16:51.17 (23069022)|HEAP_ALLOCATE|[520]|Bytes:48
00:16:51.17 (23176006)|HEAP_ALLOCATE|[139]|Bytes:6
00:16:51.17 (23199193)|HEAP_ALLOCATE|[EXTERNAL]|Bytes:19
00:16:51.17 (40167806)|METHOD_ENTRY|[2]|01p5j00000KLYeF|TemperatureConverterTest.TemperatureConverterTest()
00:16:51.17 (40184469)|STATEMENT_EXECUTE|[2]
00:16:51.17 (40195085)|STATEMENT_EXECUTE|[2]
00:16:51.17 (40244287)|METHOD_EXIT|[2]|TemperatureConverterTest
00:16:51.17 (40314643)|HEAP_ALLOCATE|[52]|Bytes:5
00:16:51.17 (40376991)|HEAP_ALLOCATE|[58]|Bytes:5
00:16:51.17 (40390971)|HEAP_ALLOCATE|[66]|Bytes:7
00:16:51.17 (40445441)|STATEMENT_EXECUTE|[11]
00:16:51.17 (40447885)|STATEMENT_EXECUTE|[12]
00:16:51.17 (40491609)|HEAP_ALLOCATE|[12]|Bytes:28
00:16:51.17 (42449203)|HEAP_ALLOCATE|[12]|Bytes:1
00:16:51.17 (42479821)|METHOD_ENTRY|[1]|01p5j00000KLYeA|TemperatureConverter.TemperatureConverter()
00:16:51.17 (42487141)|STATEMENT_EXECUTE|[1]
00:16:51.17 (42492678)|STATEMENT_EXECUTE|[1]
00:16:51.17 (42499638)|METHOD_EXIT|[1]|TemperatureConverter
00:16:51.17 (42562131)|METHOD_ENTRY|[12]|01p5j00000KLYeA|TemperatureConverter.FahrenheitToCelsius(Decimal)
00:16:51.17 (42613631)|VARIABLE_SCOPE_BEGIN|[3]|fh|Decimal|false|false
00:16:51.17 (42701692)|VARIABLE_ASSIGNMENT|[3]|fh|212
00:16:51.17 (42730974)|STATEMENT_EXECUTE|[3]
00:16:51.17 (42736623)|STATEMENT_EXECUTE|[4]
00:16:51.17 (42756311)|HEAP_ALLOCATE|[4]|Bytes:28
00:16:51.17 (42938330)|HEAP_ALLOCATE|[4]|Bytes:28
00:16:51.17 (43027321)|HEAP_ALLOCATE|[4]|Bytes:28
00:16:51.17 (43035536)|HEAP_ALLOCATE|[4]|Bytes:28
00:16:51.17 (43073287)|HEAP_ALLOCATE|[4]|Bytes:28
00:16:51.17 (43102177)|HEAP_ALLOCATE|[4]|Bytes:28
00:16:51.17 (43107614)|HEAP_ALLOCATE|[4]|Bytes:28
00:16:51.17 (43219963)|HEAP_ALLOCATE|[4]|Bytes:28
00:16:51.17 (43244232)|HEAP_ALLOCATE|[4]|Bytes:28
00:16:51.17 (43271673)|VARIABLE_SCOPE_BEGIN|[4]|cs|Decimal|false|false
00:16:51.17 (43371271)|VARIABLE_ASSIGNMENT|[4]|cs|100
00:16:51.17 (43381061)|STATEMENT_EXECUTE|[5]
00:16:51.17 (43429481)|HEAP_ALLOCATE|[5]|Bytes:28
00:16:51.17 (43457004)|METHOD_EXIT|[12]|01p5j00000KLYeA|TemperatureConverter.FahrenheitToCelsius(Decimal)
00:16:51.17 (43473876)|VARIABLE_SCOPE_BEGIN|[12]|celsius|Decimal|false|false
00:16:51.17 (43505366)|VARIABLE_ASSIGNMENT|[12]|celsius|100.00
00:16:51.17 (43515934)|STATEMENT_EXECUTE|[13]
00:16:51.17 (43527687)|HEAP_ALLOCATE|[13]|Bytes:42
00:16:51.43 (43758758)|CUMULATIVE_LIMIT_USAGE
00:16:51.43 (43758758)|LIMIT_USAGE_FOR_NS|(default)|
  Number of SOQL queries: 0 out of 100
  Number of query rows: 0 out of 50000
  Number of SOSL queries: 0 out of 20
  Number of DML statements: 0 out of 150
  Number of Publish Immediate DML: 0 out of 150
  Number of DML rows: 0 out of 10000
  Maximum CPU time: 0 out of 10000
  Maximum heap size: 0 out of 6000000
  Number of callouts: 0 out of 100
  Number of Email Invocations: 0 out of 10
  Number of future calls: 0 out of 50
  Number of queueable jobs added to the queue: 0 out of 50
  Number of Mobile Apex push calls: 0 out of 10

00:16:51.43 (43758758)|CUMULATIVE_LIMIT_USAGE_END

00:16:51.17 (43801035)|CODE_UNIT_FINISHED|TemperatureConverterTest.testBoilingPoint()
00:16:51.17 (43811503)|EXECUTION_FINISHED
